2025-01-03T10:03:06.595+01:00  INFO 13408 --- [people] [main] i.lucadev.people.PeopleApplicationTests  : Starting PeopleApplicationTests using Java 21 with PID 13408 (started by Luca in C:\Users\Luca\Desktop\RipassoExprivia\people)
2025-01-03T10:03:06.598+01:00  INFO 13408 --- [people] [main] i.lucadev.people.PeopleApplicationTests  : The following 1 profile is active: "h2"
2025-01-03T10:03:07.011+01:00  INFO 13408 --- [people] [main] .s.d.r.c.RepositoryConfigurationDelegate : Bootstrapping Spring Data JPA repositories in DEFAULT mode.
2025-01-03T10:03:07.064+01:00  INFO 13408 --- [people] [main] .s.d.r.c.RepositoryConfigurationDelegate : Finished Spring Data repository scanning in 36 ms. Found 1 JPA repository interface.
2025-01-03T10:03:07.387+01:00  INFO 13408 --- [people] [main] o.hibernate.jpa.internal.util.LogHelper  : HHH000204: Processing PersistenceUnitInfo [name: default]
2025-01-03T10:03:07.434+01:00  INFO 13408 --- [people] [main] org.hibernate.Version                    : HHH000412: Hibernate ORM core version 6.6.4.Final
2025-01-03T10:03:07.450+01:00  INFO 13408 --- [people] [main] o.h.c.internal.RegionFactoryInitiator    : HHH000026: Second-level cache disabled
2025-01-03T10:03:07.713+01:00  INFO 13408 --- [people] [main] o.s.o.j.p.SpringPersistenceUnitInfo      : No LoadTimeWeaver setup: ignoring JPA class transformer
2025-01-03T10:03:07.745+01:00  INFO 13408 --- [people] [main] com.zaxxer.hikari.HikariDataSource       : HikariPool-1 - Starting...
2025-01-03T10:03:07.865+01:00  INFO 13408 --- [people] [main] com.zaxxer.hikari.pool.HikariPool        : HikariPool-1 - Added connection conn0: url=jdbc:h2:mem:people user=SA
2025-01-03T10:03:07.865+01:00  INFO 13408 --- [people] [main] com.zaxxer.hikari.HikariDataSource       : HikariPool-1 - Start completed.
2025-01-03T10:03:07.881+01:00  WARN 13408 --- [people] [main] org.hibernate.orm.deprecation            : HHH90000025: H2Dialect does not need to be specified explicitly using 'hibernate.dialect' (remove the property setting and it will be selected by default)
2025-01-03T10:03:07.906+01:00  INFO 13408 --- [people] [main] org.hibernate.orm.connections.pooling    : HHH10001005: Database info:
	Database JDBC URL [Connecting through datasource 'HikariDataSource (HikariPool-1)']
	Database driver: undefined/unknown
	Database version: 2.3.232
	Autocommit mode: undefined/unknown
	Isolation level: undefined/unknown
	Minimum pool size: undefined/unknown
	Maximum pool size: undefined/unknown
2025-01-03T10:03:08.399+01:00  INFO 13408 --- [people] [main] o.h.e.t.j.p.i.JtaPlatformInitiator       : HHH000489: No JTA platform available (set 'hibernate.transaction.jta.platform' to enable JTA platform integration)
2025-01-03T10:03:08.413+01:00  INFO 13408 --- [people] [main] j.LocalContainerEntityManagerFactoryBean : Initialized JPA EntityManagerFactory for persistence unit 'default'
2025-01-03T10:03:08.775+01:00  WARN 13408 --- [people] [main] JpaBaseConfiguration$JpaWebConfiguration : spring.jpa.open-in-view is enabled by default. Therefore, database queries may be performed during view rendering. Explicitly configure spring.jpa.open-in-view to disable this warning
2025-01-03T10:03:09.182+01:00  INFO 13408 --- [people] [main] i.lucadev.people.PeopleApplicationTests  : Started PeopleApplicationTests in 2.824 seconds (process running for 3.451)
2025-01-03T10:03:09.566+01:00  INFO 13408 --- [people] [SpringApplicationShutdownHook] j.LocalContainerEntityManagerFactoryBean : Closing JPA EntityManagerFactory for persistence unit 'default'
2025-01-03T10:03:09.567+01:00  INFO 13408 --- [people] [SpringApplicationShutdownHook] com.zaxxer.hikari.HikariDataSource       : HikariPool-1 - Shutdown initiated...
2025-01-03T10:03:09.567+01:00  INFO 13408 --- [people] [SpringApplicationShutdownHook] com.zaxxer.hikari.HikariDataSource       : HikariPool-1 - Shutdown completed.
2025-01-03T10:03:27.376+01:00  INFO 16276 --- [people] [main] it.lucadev.people.PeopleApplication      : Starting PeopleApplication using Java 21 with PID 16276 (C:\Users\Luca\Desktop\RipassoExprivia\people\target\classes started by Luca in C:\Users\Luca\Desktop\RipassoExprivia\people)
2025-01-03T10:03:27.376+01:00  INFO 16276 --- [people] [main] it.lucadev.people.PeopleApplication      : The following 1 profile is active: "h2"
2025-01-03T10:03:27.722+01:00  INFO 16276 --- [people] [main] .s.d.r.c.RepositoryConfigurationDelegate : Bootstrapping Spring Data JPA repositories in DEFAULT mode.
2025-01-03T10:03:27.762+01:00  INFO 16276 --- [people] [main] .s.d.r.c.RepositoryConfigurationDelegate : Finished Spring Data repository scanning in 36 ms. Found 1 JPA repository interface.
2025-01-03T10:03:28.014+01:00  INFO 16276 --- [people] [main] o.s.b.w.embedded.tomcat.TomcatWebServer  : Tomcat initialized with port 8080 (http)
2025-01-03T10:03:28.029+01:00  INFO 16276 --- [people] [main] o.apache.catalina.core.StandardService   : Starting service [Tomcat]
2025-01-03T10:03:28.029+01:00  INFO 16276 --- [people] [main] o.apache.catalina.core.StandardEngine    : Starting Servlet engine: [Apache Tomcat/10.1.34]
2025-01-03T10:03:28.069+01:00  INFO 16276 --- [people] [main] o.a.c.c.C.[Tomcat].[localhost].[/]       : Initializing Spring embedded WebApplicationContext
2025-01-03T10:03:28.069+01:00  INFO 16276 --- [people] [main] w.s.c.ServletWebServerApplicationContext : Root WebApplicationContext: initialization completed in 667 ms
2025-01-03T10:03:28.150+01:00  INFO 16276 --- [people] [main] o.hibernate.jpa.internal.util.LogHelper  : HHH000204: Processing PersistenceUnitInfo [name: default]
2025-01-03T10:03:28.191+01:00  INFO 16276 --- [people] [main] org.hibernate.Version                    : HHH000412: Hibernate ORM core version 6.6.4.Final
2025-01-03T10:03:28.208+01:00  INFO 16276 --- [people] [main] o.h.c.internal.RegionFactoryInitiator    : HHH000026: Second-level cache disabled
2025-01-03T10:03:28.354+01:00  INFO 16276 --- [people] [main] o.s.o.j.p.SpringPersistenceUnitInfo      : No LoadTimeWeaver setup: ignoring JPA class transformer
2025-01-03T10:03:28.370+01:00  INFO 16276 --- [people] [main] com.zaxxer.hikari.HikariDataSource       : HikariPool-1 - Starting...
2025-01-03T10:03:28.482+01:00  INFO 16276 --- [people] [main] com.zaxxer.hikari.pool.HikariPool        : HikariPool-1 - Added connection conn0: url=jdbc:h2:mem:people user=SA
2025-01-03T10:03:28.482+01:00  INFO 16276 --- [people] [main] com.zaxxer.hikari.HikariDataSource       : HikariPool-1 - Start completed.
2025-01-03T10:03:28.498+01:00  WARN 16276 --- [people] [main] org.hibernate.orm.deprecation            : HHH90000025: H2Dialect does not need to be specified explicitly using 'hibernate.dialect' (remove the property setting and it will be selected by default)
2025-01-03T10:03:28.505+01:00  INFO 16276 --- [people] [main] org.hibernate.orm.connections.pooling    : HHH10001005: Database info:
	Database JDBC URL [Connecting through datasource 'HikariDataSource (HikariPool-1)']
	Database driver: undefined/unknown
	Database version: 2.3.232
	Autocommit mode: undefined/unknown
	Isolation level: undefined/unknown
	Minimum pool size: undefined/unknown
	Maximum pool size: undefined/unknown
2025-01-03T10:03:28.958+01:00  INFO 16276 --- [people] [main] o.h.e.t.j.p.i.JtaPlatformInitiator       : HHH000489: No JTA platform available (set 'hibernate.transaction.jta.platform' to enable JTA platform integration)
2025-01-03T10:03:28.977+01:00  INFO 16276 --- [people] [main] j.LocalContainerEntityManagerFactoryBean : Initialized JPA EntityManagerFactory for persistence unit 'default'
2025-01-03T10:03:29.105+01:00  WARN 16276 --- [people] [main] JpaBaseConfiguration$JpaWebConfiguration : spring.jpa.open-in-view is enabled by default. Therefore, database queries may be performed during view rendering. Explicitly configure spring.jpa.open-in-view to disable this warning
2025-01-03T10:03:29.284+01:00  INFO 16276 --- [people] [main] o.s.b.w.embedded.tomcat.TomcatWebServer  : Tomcat started on port 8080 (http) with context path '/'
2025-01-03T10:03:29.284+01:00  INFO 16276 --- [people] [main] it.lucadev.people.PeopleApplication      : Started PeopleApplication in 2.208 seconds (process running for 2.418)
2025-01-03T10:03:54.684+01:00  INFO 16276 --- [people] [http-nio-8080-exec-1] o.a.c.c.C.[Tomcat].[localhost].[/]       : Initializing Spring DispatcherServlet 'dispatcherServlet'
2025-01-03T10:03:54.685+01:00  INFO 16276 --- [people] [http-nio-8080-exec-1] o.s.web.servlet.DispatcherServlet        : Initializing Servlet 'dispatcherServlet'
2025-01-03T10:03:54.685+01:00  INFO 16276 --- [people] [http-nio-8080-exec-1] o.s.web.servlet.DispatcherServlet        : Completed initialization in 0 ms
2025-01-03T10:04:41.929+01:00  INFO 16276 --- [people] [SpringApplicationShutdownHook] o.s.b.w.e.tomcat.GracefulShutdown        : Commencing graceful shutdown. Waiting for active requests to complete
2025-01-03T10:04:41.929+01:00  INFO 16276 --- [people] [tomcat-shutdown] o.s.b.w.e.tomcat.GracefulShutdown        : Graceful shutdown complete
2025-01-03T10:04:41.941+01:00  INFO 16276 --- [people] [SpringApplicationShutdownHook] j.LocalContainerEntityManagerFactoryBean : Closing JPA EntityManagerFactory for persistence unit 'default'
2025-01-03T10:04:41.941+01:00  INFO 16276 --- [people] [SpringApplicationShutdownHook] com.zaxxer.hikari.HikariDataSource       : HikariPool-1 - Shutdown initiated...
2025-01-03T10:04:41.944+01:00  INFO 16276 --- [people] [SpringApplicationShutdownHook] com.zaxxer.hikari.HikariDataSource       : HikariPool-1 - Shutdown completed.
2025-01-03T10:04:50.117+01:00  INFO 9800 --- [people] [main] it.lucadev.people.PeopleApplication      : Starting PeopleApplication using Java 21 with PID 9800 (C:\Users\Luca\Desktop\RipassoExprivia\people\target\classes started by Luca in C:\Users\Luca\Desktop\RipassoExprivia\people)
2025-01-03T10:04:50.117+01:00  INFO 9800 --- [people] [main] it.lucadev.people.PeopleApplication      : The following 1 profile is active: "h2"
2025-01-03T10:04:50.448+01:00  INFO 9800 --- [people] [main] .s.d.r.c.RepositoryConfigurationDelegate : Bootstrapping Spring Data JPA repositories in DEFAULT mode.
2025-01-03T10:04:50.482+01:00  INFO 9800 --- [people] [main] .s.d.r.c.RepositoryConfigurationDelegate : Finished Spring Data repository scanning in 29 ms. Found 1 JPA repository interface.
2025-01-03T10:04:50.749+01:00  INFO 9800 --- [people] [main] o.s.b.w.embedded.tomcat.TomcatWebServer  : Tomcat initialized with port 8080 (http)
2025-01-03T10:04:50.757+01:00  INFO 9800 --- [people] [main] o.apache.catalina.core.StandardService   : Starting service [Tomcat]
2025-01-03T10:04:50.757+01:00  INFO 9800 --- [people] [main] o.apache.catalina.core.StandardEngine    : Starting Servlet engine: [Apache Tomcat/10.1.34]
2025-01-03T10:04:50.799+01:00  INFO 9800 --- [people] [main] o.a.c.c.C.[Tomcat].[localhost].[/]       : Initializing Spring embedded WebApplicationContext
2025-01-03T10:04:50.799+01:00  INFO 9800 --- [people] [main] w.s.c.ServletWebServerApplicationContext : Root WebApplicationContext: initialization completed in 653 ms
2025-01-03T10:04:50.879+01:00  INFO 9800 --- [people] [main] o.hibernate.jpa.internal.util.LogHelper  : HHH000204: Processing PersistenceUnitInfo [name: default]
2025-01-03T10:04:50.914+01:00  INFO 9800 --- [people] [main] org.hibernate.Version                    : HHH000412: Hibernate ORM core version 6.6.4.Final
2025-01-03T10:04:50.930+01:00  INFO 9800 --- [people] [main] o.h.c.internal.RegionFactoryInitiator    : HHH000026: Second-level cache disabled
2025-01-03T10:04:51.097+01:00  INFO 9800 --- [people] [main] o.s.o.j.p.SpringPersistenceUnitInfo      : No LoadTimeWeaver setup: ignoring JPA class transformer
2025-01-03T10:04:51.111+01:00  INFO 9800 --- [people] [main] com.zaxxer.hikari.HikariDataSource       : HikariPool-1 - Starting...
2025-01-03T10:04:51.219+01:00  INFO 9800 --- [people] [main] com.zaxxer.hikari.pool.HikariPool        : HikariPool-1 - Added connection conn0: url=jdbc:h2:mem:people user=SA
2025-01-03T10:04:51.219+01:00  INFO 9800 --- [people] [main] com.zaxxer.hikari.HikariDataSource       : HikariPool-1 - Start completed.
2025-01-03T10:04:51.236+01:00  WARN 9800 --- [people] [main] org.hibernate.orm.deprecation            : HHH90000025: H2Dialect does not need to be specified explicitly using 'hibernate.dialect' (remove the property setting and it will be selected by default)
2025-01-03T10:04:51.250+01:00  INFO 9800 --- [people] [main] org.hibernate.orm.connections.pooling    : HHH10001005: Database info:
	Database JDBC URL [Connecting through datasource 'HikariDataSource (HikariPool-1)']
	Database driver: undefined/unknown
	Database version: 2.3.232
	Autocommit mode: undefined/unknown
	Isolation level: undefined/unknown
	Minimum pool size: undefined/unknown
	Maximum pool size: undefined/unknown
2025-01-03T10:04:51.700+01:00  INFO 9800 --- [people] [main] o.h.e.t.j.p.i.JtaPlatformInitiator       : HHH000489: No JTA platform available (set 'hibernate.transaction.jta.platform' to enable JTA platform integration)
2025-01-03T10:04:51.715+01:00  INFO 9800 --- [people] [main] j.LocalContainerEntityManagerFactoryBean : Initialized JPA EntityManagerFactory for persistence unit 'default'
2025-01-03T10:04:51.858+01:00  WARN 9800 --- [people] [main] JpaBaseConfiguration$JpaWebConfiguration : spring.jpa.open-in-view is enabled by default. Therefore, database queries may be performed during view rendering. Explicitly configure spring.jpa.open-in-view to disable this warning
2025-01-03T10:04:51.981+01:00  INFO 9800 --- [people] [main] o.s.b.a.h2.H2ConsoleAutoConfiguration    : H2 console available at '/h2-console'. Database available at 'jdbc:h2:mem:people'
2025-01-03T10:04:52.036+01:00  INFO 9800 --- [people] [main] o.s.b.w.embedded.tomcat.TomcatWebServer  : Tomcat started on port 8080 (http) with context path '/'
2025-01-03T10:04:52.041+01:00  INFO 9800 --- [people] [main] it.lucadev.people.PeopleApplication      : Started PeopleApplication in 2.224 seconds (process running for 2.432)
2025-01-03T10:05:19.000+01:00  INFO 9800 --- [people] [http-nio-8080-exec-2] o.a.c.c.C.[Tomcat].[localhost].[/]       : Initializing Spring DispatcherServlet 'dispatcherServlet'
2025-01-03T10:05:19.001+01:00  INFO 9800 --- [people] [http-nio-8080-exec-2] o.s.web.servlet.DispatcherServlet        : Initializing Servlet 'dispatcherServlet'
2025-01-03T10:05:19.002+01:00  INFO 9800 --- [people] [http-nio-8080-exec-2] o.s.web.servlet.DispatcherServlet        : Completed initialization in 0 ms
2025-01-03T10:05:19.055+01:00  INFO 9800 --- [people] [http-nio-8080-exec-2] i.l.people.controller.PersonController   : addPerson called
2025-01-03T10:05:22.941+01:00  INFO 9800 --- [people] [http-nio-8080-exec-8] i.l.people.controller.PersonController   : updatePerson called
2025-01-03T10:05:25.516+01:00  INFO 9800 --- [people] [http-nio-8080-exec-1] i.l.people.controller.PersonController   : getPeople called
2025-01-03T10:05:28.245+01:00  INFO 9800 --- [people] [http-nio-8080-exec-9] i.l.people.controller.PersonController   : getPerson called
2025-01-03T10:05:30.426+01:00  INFO 9800 --- [people] [http-nio-8080-exec-5] i.l.people.controller.PersonController   : updatePerson called
2025-01-03T10:05:37.905+01:00  INFO 9800 --- [people] [http-nio-8080-exec-6] i.l.people.controller.PersonController   : updatePerson called
2025-01-03T10:05:39.624+01:00  INFO 9800 --- [people] [http-nio-8080-exec-4] i.l.people.controller.PersonController   : getPeople called
2025-01-03T10:05:41.264+01:00  INFO 9800 --- [people] [http-nio-8080-exec-3] i.l.people.controller.PersonController   : getPerson called
2025-01-03T10:06:09.637+01:00  INFO 9800 --- [people] [SpringApplicationShutdownHook] o.s.b.w.e.tomcat.GracefulShutdown        : Commencing graceful shutdown. Waiting for active requests to complete
2025-01-03T10:06:09.637+01:00  INFO 9800 --- [people] [tomcat-shutdown] o.s.b.w.e.tomcat.GracefulShutdown        : Graceful shutdown complete
2025-01-03T10:06:09.637+01:00  INFO 9800 --- [people] [SpringApplicationShutdownHook] j.LocalContainerEntityManagerFactoryBean : Closing JPA EntityManagerFactory for persistence unit 'default'
2025-01-03T10:06:09.646+01:00  INFO 9800 --- [people] [SpringApplicationShutdownHook] com.zaxxer.hikari.HikariDataSource       : HikariPool-1 - Shutdown initiated...
2025-01-03T10:06:09.647+01:00  INFO 9800 --- [people] [SpringApplicationShutdownHook] com.zaxxer.hikari.HikariDataSource       : HikariPool-1 - Shutdown completed.
2025-01-03T10:10:13.401+01:00  INFO 15092 --- [people] [main] it.lucadev.people.PeopleApplication      : Starting PeopleApplication using Java 21 with PID 15092 (C:\Users\Luca\Desktop\RipassoExprivia\people\target\classes started by Luca in C:\Users\Luca\Desktop\RipassoExprivia\people)
2025-01-03T10:10:13.403+01:00  INFO 15092 --- [people] [main] it.lucadev.people.PeopleApplication      : The following 1 profile is active: "h2"
2025-01-03T10:10:13.716+01:00  INFO 15092 --- [people] [main] .s.d.r.c.RepositoryConfigurationDelegate : Bootstrapping Spring Data JPA repositories in DEFAULT mode.
2025-01-03T10:10:13.760+01:00  INFO 15092 --- [people] [main] .s.d.r.c.RepositoryConfigurationDelegate : Finished Spring Data repository scanning in 33 ms. Found 1 JPA repository interface.
2025-01-03T10:10:14.021+01:00  INFO 15092 --- [people] [main] o.s.b.w.embedded.tomcat.TomcatWebServer  : Tomcat initialized with port 8080 (http)
2025-01-03T10:10:14.021+01:00  INFO 15092 --- [people] [main] o.apache.catalina.core.StandardService   : Starting service [Tomcat]
2025-01-03T10:10:14.021+01:00  INFO 15092 --- [people] [main] o.apache.catalina.core.StandardEngine    : Starting Servlet engine: [Apache Tomcat/10.1.34]
2025-01-03T10:10:14.062+01:00  INFO 15092 --- [people] [main] o.a.c.c.C.[Tomcat].[localhost].[/]       : Initializing Spring embedded WebApplicationContext
2025-01-03T10:10:14.063+01:00  INFO 15092 --- [people] [main] w.s.c.ServletWebServerApplicationContext : Root WebApplicationContext: initialization completed in 636 ms
2025-01-03T10:10:14.141+01:00  INFO 15092 --- [people] [main] o.hibernate.jpa.internal.util.LogHelper  : HHH000204: Processing PersistenceUnitInfo [name: default]
2025-01-03T10:10:14.187+01:00  INFO 15092 --- [people] [main] org.hibernate.Version                    : HHH000412: Hibernate ORM core version 6.6.4.Final
2025-01-03T10:10:14.207+01:00  INFO 15092 --- [people] [main] o.h.c.internal.RegionFactoryInitiator    : HHH000026: Second-level cache disabled
2025-01-03T10:10:14.353+01:00  INFO 15092 --- [people] [main] o.s.o.j.p.SpringPersistenceUnitInfo      : No LoadTimeWeaver setup: ignoring JPA class transformer
2025-01-03T10:10:14.382+01:00  INFO 15092 --- [people] [main] com.zaxxer.hikari.HikariDataSource       : HikariPool-1 - Starting...
2025-01-03T10:10:14.485+01:00  INFO 15092 --- [people] [main] com.zaxxer.hikari.pool.HikariPool        : HikariPool-1 - Added connection conn0: url=jdbc:h2:mem:people user=SA
2025-01-03T10:10:14.486+01:00  INFO 15092 --- [people] [main] com.zaxxer.hikari.HikariDataSource       : HikariPool-1 - Start completed.
2025-01-03T10:10:14.500+01:00  WARN 15092 --- [people] [main] org.hibernate.orm.deprecation            : HHH90000025: H2Dialect does not need to be specified explicitly using 'hibernate.dialect' (remove the property setting and it will be selected by default)
2025-01-03T10:10:14.513+01:00  INFO 15092 --- [people] [main] org.hibernate.orm.connections.pooling    : HHH10001005: Database info:
	Database JDBC URL [Connecting through datasource 'HikariDataSource (HikariPool-1)']
	Database driver: undefined/unknown
	Database version: 2.3.232
	Autocommit mode: undefined/unknown
	Isolation level: undefined/unknown
	Minimum pool size: undefined/unknown
	Maximum pool size: undefined/unknown
2025-01-03T10:10:14.962+01:00  INFO 15092 --- [people] [main] o.h.e.t.j.p.i.JtaPlatformInitiator       : HHH000489: No JTA platform available (set 'hibernate.transaction.jta.platform' to enable JTA platform integration)
2025-01-03T10:10:14.979+01:00  INFO 15092 --- [people] [main] j.LocalContainerEntityManagerFactoryBean : Initialized JPA EntityManagerFactory for persistence unit 'default'
2025-01-03T10:10:15.101+01:00  WARN 15092 --- [people] [main] JpaBaseConfiguration$JpaWebConfiguration : spring.jpa.open-in-view is enabled by default. Therefore, database queries may be performed during view rendering. Explicitly configure spring.jpa.open-in-view to disable this warning
2025-01-03T10:10:15.241+01:00  INFO 15092 --- [people] [main] o.s.b.a.h2.H2ConsoleAutoConfiguration    : H2 console available at '/h2-console'. Database available at 'jdbc:h2:mem:people'
2025-01-03T10:10:15.271+01:00  INFO 15092 --- [people] [main] o.s.b.w.embedded.tomcat.TomcatWebServer  : Tomcat started on port 8080 (http) with context path '/'
2025-01-03T10:10:15.287+01:00  INFO 15092 --- [people] [main] it.lucadev.people.PeopleApplication      : Started PeopleApplication in 2.194 seconds (process running for 2.388)
2025-01-03T10:10:32.366+01:00  INFO 15092 --- [people] [http-nio-8080-exec-10] o.a.c.c.C.[Tomcat].[localhost].[/]       : Initializing Spring DispatcherServlet 'dispatcherServlet'
2025-01-03T10:10:32.366+01:00  INFO 15092 --- [people] [http-nio-8080-exec-10] o.s.web.servlet.DispatcherServlet        : Initializing Servlet 'dispatcherServlet'
2025-01-03T10:10:32.366+01:00  INFO 15092 --- [people] [http-nio-8080-exec-10] o.s.web.servlet.DispatcherServlet        : Completed initialization in 0 ms
2025-01-03T10:10:32.430+01:00  INFO 15092 --- [people] [http-nio-8080-exec-10] i.l.people.controller.PersonController   : addPerson called
2025-01-03T10:10:34.964+01:00  INFO 15092 --- [people] [http-nio-8080-exec-9] i.l.people.controller.PersonController   : updatePerson called
2025-01-03T10:10:38.365+01:00  INFO 15092 --- [people] [http-nio-8080-exec-6] i.l.people.controller.PersonController   : getPerson called
2025-01-03T10:12:05.766+01:00  INFO 15092 --- [people] [SpringApplicationShutdownHook] o.s.b.w.e.tomcat.GracefulShutdown        : Commencing graceful shutdown. Waiting for active requests to complete
2025-01-03T10:12:05.766+01:00  INFO 15092 --- [people] [tomcat-shutdown] o.s.b.w.e.tomcat.GracefulShutdown        : Graceful shutdown complete
2025-01-03T10:12:05.766+01:00  INFO 15092 --- [people] [SpringApplicationShutdownHook] j.LocalContainerEntityManagerFactoryBean : Closing JPA EntityManagerFactory for persistence unit 'default'
2025-01-03T10:12:05.773+01:00  INFO 15092 --- [people] [SpringApplicationShutdownHook] com.zaxxer.hikari.HikariDataSource       : HikariPool-1 - Shutdown initiated...
2025-01-03T10:12:05.774+01:00  INFO 15092 --- [people] [SpringApplicationShutdownHook] com.zaxxer.hikari.HikariDataSource       : HikariPool-1 - Shutdown completed.
2025-01-03T11:06:03.953+01:00  INFO 14332 --- [people] [main] i.lucadev.people.PeopleApplicationTests  : Starting PeopleApplicationTests using Java 21 with PID 14332 (started by Luca in C:\Users\Luca\Desktop\RipassoExprivia\people)
2025-01-03T11:06:03.953+01:00  INFO 14332 --- [people] [main] i.lucadev.people.PeopleApplicationTests  : The following 1 profile is active: "mysql"
2025-01-03T11:06:04.457+01:00  INFO 14332 --- [people] [main] .s.d.r.c.RepositoryConfigurationDelegate : Bootstrapping Spring Data JPA repositories in DEFAULT mode.
2025-01-03T11:06:04.515+01:00  INFO 14332 --- [people] [main] .s.d.r.c.RepositoryConfigurationDelegate : Finished Spring Data repository scanning in 41 ms. Found 1 JPA repository interface.
2025-01-03T11:06:04.932+01:00  INFO 14332 --- [people] [main] o.hibernate.jpa.internal.util.LogHelper  : HHH000204: Processing PersistenceUnitInfo [name: default]
2025-01-03T11:06:05.004+01:00  INFO 14332 --- [people] [main] org.hibernate.Version                    : HHH000412: Hibernate ORM core version 6.6.4.Final
2025-01-03T11:06:05.037+01:00  INFO 14332 --- [people] [main] o.h.c.internal.RegionFactoryInitiator    : HHH000026: Second-level cache disabled
2025-01-03T11:06:05.327+01:00  INFO 14332 --- [people] [main] o.s.o.j.p.SpringPersistenceUnitInfo      : No LoadTimeWeaver setup: ignoring JPA class transformer
2025-01-03T11:06:05.359+01:00  INFO 14332 --- [people] [main] com.zaxxer.hikari.HikariDataSource       : HikariPool-1 - Starting...
2025-01-03T11:06:05.767+01:00  INFO 14332 --- [people] [main] com.zaxxer.hikari.pool.HikariPool        : HikariPool-1 - Added connection com.mysql.cj.jdbc.ConnectionImpl@794cb26b
2025-01-03T11:06:05.768+01:00  INFO 14332 --- [people] [main] com.zaxxer.hikari.HikariDataSource       : HikariPool-1 - Start completed.
2025-01-03T11:06:05.793+01:00  WARN 14332 --- [people] [main] org.hibernate.orm.deprecation            : HHH90000025: MySQL8Dialect does not need to be specified explicitly using 'hibernate.dialect' (remove the property setting and it will be selected by default)
2025-01-03T11:06:05.793+01:00  WARN 14332 --- [people] [main] org.hibernate.orm.deprecation            : HHH90000026: MySQL8Dialect has been deprecated; use org.hibernate.dialect.MySQLDialect instead
2025-01-03T11:06:05.808+01:00  INFO 14332 --- [people] [main] org.hibernate.orm.connections.pooling    : HHH10001005: Database info:
	Database JDBC URL [Connecting through datasource 'HikariDataSource (HikariPool-1)']
	Database driver: undefined/unknown
	Database version: 8.0
	Autocommit mode: undefined/unknown
	Isolation level: undefined/unknown
	Minimum pool size: undefined/unknown
	Maximum pool size: undefined/unknown
2025-01-03T11:06:06.362+01:00  INFO 14332 --- [people] [main] o.h.e.t.j.p.i.JtaPlatformInitiator       : HHH000489: No JTA platform available (set 'hibernate.transaction.jta.platform' to enable JTA platform integration)
2025-01-03T11:06:06.756+01:00  INFO 14332 --- [people] [main] j.LocalContainerEntityManagerFactoryBean : Initialized JPA EntityManagerFactory for persistence unit 'default'
2025-01-03T11:06:07.196+01:00  WARN 14332 --- [people] [main] JpaBaseConfiguration$JpaWebConfiguration : spring.jpa.open-in-view is enabled by default. Therefore, database queries may be performed during view rendering. Explicitly configure spring.jpa.open-in-view to disable this warning
2025-01-03T11:06:07.737+01:00  INFO 14332 --- [people] [main] i.lucadev.people.PeopleApplicationTests  : Started PeopleApplicationTests in 4.006 seconds (process running for 4.699)
2025-01-03T11:06:08.170+01:00  INFO 14332 --- [people] [SpringApplicationShutdownHook] j.LocalContainerEntityManagerFactoryBean : Closing JPA EntityManagerFactory for persistence unit 'default'
2025-01-03T11:06:08.170+01:00  INFO 14332 --- [people] [SpringApplicationShutdownHook] com.zaxxer.hikari.HikariDataSource       : HikariPool-1 - Shutdown initiated...
2025-01-03T11:06:08.184+01:00  INFO 14332 --- [people] [SpringApplicationShutdownHook] com.zaxxer.hikari.HikariDataSource       : HikariPool-1 - Shutdown completed.
2025-01-03T11:06:17.186+01:00  INFO 14604 --- [people] [main] it.lucadev.people.PeopleApplication      : Starting PeopleApplication using Java 21 with PID 14604 (C:\Users\Luca\Desktop\RipassoExprivia\people\target\classes started by Luca in C:\Users\Luca\Desktop\RipassoExprivia\people)
2025-01-03T11:06:17.189+01:00  INFO 14604 --- [people] [main] it.lucadev.people.PeopleApplication      : The following 1 profile is active: "mysql"
2025-01-03T11:06:17.520+01:00  INFO 14604 --- [people] [main] .s.d.r.c.RepositoryConfigurationDelegate : Bootstrapping Spring Data JPA repositories in DEFAULT mode.
2025-01-03T11:06:17.564+01:00  INFO 14604 --- [people] [main] .s.d.r.c.RepositoryConfigurationDelegate : Finished Spring Data repository scanning in 34 ms. Found 1 JPA repository interface.
2025-01-03T11:06:17.846+01:00  INFO 14604 --- [people] [main] o.s.b.w.embedded.tomcat.TomcatWebServer  : Tomcat initialized with port 8080 (http)
2025-01-03T11:06:17.857+01:00  INFO 14604 --- [people] [main] o.apache.catalina.core.StandardService   : Starting service [Tomcat]
2025-01-03T11:06:17.857+01:00  INFO 14604 --- [people] [main] o.apache.catalina.core.StandardEngine    : Starting Servlet engine: [Apache Tomcat/10.1.34]
2025-01-03T11:06:17.893+01:00  INFO 14604 --- [people] [main] o.a.c.c.C.[Tomcat].[localhost].[/]       : Initializing Spring embedded WebApplicationContext
2025-01-03T11:06:17.893+01:00  INFO 14604 --- [people] [main] w.s.c.ServletWebServerApplicationContext : Root WebApplicationContext: initialization completed in 676 ms
2025-01-03T11:06:17.993+01:00  INFO 14604 --- [people] [main] o.hibernate.jpa.internal.util.LogHelper  : HHH000204: Processing PersistenceUnitInfo [name: default]
2025-01-03T11:06:18.030+01:00  INFO 14604 --- [people] [main] org.hibernate.Version                    : HHH000412: Hibernate ORM core version 6.6.4.Final
2025-01-03T11:06:18.055+01:00  INFO 14604 --- [people] [main] o.h.c.internal.RegionFactoryInitiator    : HHH000026: Second-level cache disabled
2025-01-03T11:06:18.229+01:00  INFO 14604 --- [people] [main] o.s.o.j.p.SpringPersistenceUnitInfo      : No LoadTimeWeaver setup: ignoring JPA class transformer
2025-01-03T11:06:18.246+01:00  INFO 14604 --- [people] [main] com.zaxxer.hikari.HikariDataSource       : HikariPool-1 - Starting...
2025-01-03T11:06:18.468+01:00  INFO 14604 --- [people] [main] com.zaxxer.hikari.pool.HikariPool        : HikariPool-1 - Added connection com.mysql.cj.jdbc.ConnectionImpl@17d2b646
2025-01-03T11:06:18.469+01:00  INFO 14604 --- [people] [main] com.zaxxer.hikari.HikariDataSource       : HikariPool-1 - Start completed.
2025-01-03T11:06:18.496+01:00  WARN 14604 --- [people] [main] org.hibernate.orm.deprecation            : HHH90000025: MySQL8Dialect does not need to be specified explicitly using 'hibernate.dialect' (remove the property setting and it will be selected by default)
2025-01-03T11:06:18.496+01:00  WARN 14604 --- [people] [main] org.hibernate.orm.deprecation            : HHH90000026: MySQL8Dialect has been deprecated; use org.hibernate.dialect.MySQLDialect instead
2025-01-03T11:06:18.509+01:00  INFO 14604 --- [people] [main] org.hibernate.orm.connections.pooling    : HHH10001005: Database info:
	Database JDBC URL [Connecting through datasource 'HikariDataSource (HikariPool-1)']
	Database driver: undefined/unknown
	Database version: 8.0
	Autocommit mode: undefined/unknown
	Isolation level: undefined/unknown
	Minimum pool size: undefined/unknown
	Maximum pool size: undefined/unknown
2025-01-03T11:06:18.987+01:00  INFO 14604 --- [people] [main] o.h.e.t.j.p.i.JtaPlatformInitiator       : HHH000489: No JTA platform available (set 'hibernate.transaction.jta.platform' to enable JTA platform integration)
2025-01-03T11:06:19.075+01:00  INFO 14604 --- [people] [main] j.LocalContainerEntityManagerFactoryBean : Initialized JPA EntityManagerFactory for persistence unit 'default'
2025-01-03T11:06:19.213+01:00  WARN 14604 --- [people] [main] JpaBaseConfiguration$JpaWebConfiguration : spring.jpa.open-in-view is enabled by default. Therefore, database queries may be performed during view rendering. Explicitly configure spring.jpa.open-in-view to disable this warning
2025-01-03T11:06:19.404+01:00  INFO 14604 --- [people] [main] o.s.b.w.embedded.tomcat.TomcatWebServer  : Tomcat started on port 8080 (http) with context path '/'
2025-01-03T11:06:19.412+01:00  INFO 14604 --- [people] [main] it.lucadev.people.PeopleApplication      : Started PeopleApplication in 2.516 seconds (process running for 2.733)
2025-01-03T11:06:29.831+01:00  INFO 14604 --- [people] [http-nio-8080-exec-1] o.a.c.c.C.[Tomcat].[localhost].[/]       : Initializing Spring DispatcherServlet 'dispatcherServlet'
2025-01-03T11:06:29.832+01:00  INFO 14604 --- [people] [http-nio-8080-exec-1] o.s.web.servlet.DispatcherServlet        : Initializing Servlet 'dispatcherServlet'
2025-01-03T11:06:29.833+01:00  INFO 14604 --- [people] [http-nio-8080-exec-1] o.s.web.servlet.DispatcherServlet        : Completed initialization in 1 ms
2025-01-03T11:06:29.897+01:00  INFO 14604 --- [people] [http-nio-8080-exec-1] i.l.people.controller.PersonController   : addPerson called
2025-01-03T11:06:32.565+01:00  INFO 14604 --- [people] [http-nio-8080-exec-2] i.l.people.controller.PersonController   : updatePerson called
2025-01-03T11:06:34.434+01:00  INFO 14604 --- [people] [http-nio-8080-exec-3] i.l.people.controller.PersonController   : getPeople called
2025-01-03T11:06:36.284+01:00  INFO 14604 --- [people] [http-nio-8080-exec-5] i.l.people.controller.PersonController   : getPerson called
2025-01-03T11:08:15.632+01:00  INFO 14604 --- [people] [SpringApplicationShutdownHook] o.s.b.w.e.tomcat.GracefulShutdown        : Commencing graceful shutdown. Waiting for active requests to complete
2025-01-03T11:08:15.635+01:00  INFO 14604 --- [people] [tomcat-shutdown] o.s.b.w.e.tomcat.GracefulShutdown        : Graceful shutdown complete
2025-01-03T11:08:15.637+01:00  INFO 14604 --- [people] [SpringApplicationShutdownHook] j.LocalContainerEntityManagerFactoryBean : Closing JPA EntityManagerFactory for persistence unit 'default'
2025-01-03T11:08:15.639+01:00  INFO 14604 --- [people] [SpringApplicationShutdownHook] com.zaxxer.hikari.HikariDataSource       : HikariPool-1 - Shutdown initiated...
2025-01-03T11:08:15.648+01:00  INFO 14604 --- [people] [SpringApplicationShutdownHook] com.zaxxer.hikari.HikariDataSource       : HikariPool-1 - Shutdown completed.
2025-01-03T11:14:54.885+01:00  INFO 13556 --- [people] [main] it.lucadev.people.PeopleApplication      : Starting PeopleApplication using Java 21 with PID 13556 (C:\Users\Luca\Desktop\RipassoExprivia\people\target\classes started by Luca in C:\Users\Luca\Desktop\RipassoExprivia\people)
2025-01-03T11:14:54.889+01:00  INFO 13556 --- [people] [main] it.lucadev.people.PeopleApplication      : The following 1 profile is active: "h2"
2025-01-03T11:14:55.210+01:00  INFO 13556 --- [people] [main] .s.d.r.c.RepositoryConfigurationDelegate : Bootstrapping Spring Data JPA repositories in DEFAULT mode.
2025-01-03T11:14:55.251+01:00  INFO 13556 --- [people] [main] .s.d.r.c.RepositoryConfigurationDelegate : Finished Spring Data repository scanning in 33 ms. Found 1 JPA repository interface.
2025-01-03T11:14:55.516+01:00  INFO 13556 --- [people] [main] o.s.b.w.embedded.tomcat.TomcatWebServer  : Tomcat initialized with port 8080 (http)
2025-01-03T11:14:55.531+01:00  INFO 13556 --- [people] [main] o.apache.catalina.core.StandardService   : Starting service [Tomcat]
2025-01-03T11:14:55.531+01:00  INFO 13556 --- [people] [main] o.apache.catalina.core.StandardEngine    : Starting Servlet engine: [Apache Tomcat/10.1.34]
2025-01-03T11:14:55.573+01:00  INFO 13556 --- [people] [main] o.a.c.c.C.[Tomcat].[localhost].[/]       : Initializing Spring embedded WebApplicationContext
2025-01-03T11:14:55.573+01:00  INFO 13556 --- [people] [main] w.s.c.ServletWebServerApplicationContext : Root WebApplicationContext: initialization completed in 662 ms
2025-01-03T11:14:55.640+01:00  INFO 13556 --- [people] [main] o.hibernate.jpa.internal.util.LogHelper  : HHH000204: Processing PersistenceUnitInfo [name: default]
2025-01-03T11:14:55.688+01:00  INFO 13556 --- [people] [main] org.hibernate.Version                    : HHH000412: Hibernate ORM core version 6.6.4.Final
2025-01-03T11:14:55.710+01:00  INFO 13556 --- [people] [main] o.h.c.internal.RegionFactoryInitiator    : HHH000026: Second-level cache disabled
2025-01-03T11:14:55.860+01:00  INFO 13556 --- [people] [main] o.s.o.j.p.SpringPersistenceUnitInfo      : No LoadTimeWeaver setup: ignoring JPA class transformer
2025-01-03T11:14:55.887+01:00  INFO 13556 --- [people] [main] com.zaxxer.hikari.HikariDataSource       : HikariPool-1 - Starting...
2025-01-03T11:14:55.986+01:00  INFO 13556 --- [people] [main] com.zaxxer.hikari.pool.HikariPool        : HikariPool-1 - Added connection conn0: url=jdbc:h2:mem:people user=SA
2025-01-03T11:14:55.986+01:00  INFO 13556 --- [people] [main] com.zaxxer.hikari.HikariDataSource       : HikariPool-1 - Start completed.
2025-01-03T11:14:56.001+01:00  WARN 13556 --- [people] [main] org.hibernate.orm.deprecation            : HHH90000025: H2Dialect does not need to be specified explicitly using 'hibernate.dialect' (remove the property setting and it will be selected by default)
2025-01-03T11:14:56.022+01:00  INFO 13556 --- [people] [main] org.hibernate.orm.connections.pooling    : HHH10001005: Database info:
	Database JDBC URL [Connecting through datasource 'HikariDataSource (HikariPool-1)']
	Database driver: undefined/unknown
	Database version: 2.3.232
	Autocommit mode: undefined/unknown
	Isolation level: undefined/unknown
	Minimum pool size: undefined/unknown
	Maximum pool size: undefined/unknown
2025-01-03T11:14:56.470+01:00  INFO 13556 --- [people] [main] o.h.e.t.j.p.i.JtaPlatformInitiator       : HHH000489: No JTA platform available (set 'hibernate.transaction.jta.platform' to enable JTA platform integration)
2025-01-03T11:14:56.498+01:00  INFO 13556 --- [people] [main] j.LocalContainerEntityManagerFactoryBean : Initialized JPA EntityManagerFactory for persistence unit 'default'
2025-01-03T11:14:56.626+01:00  WARN 13556 --- [people] [main] JpaBaseConfiguration$JpaWebConfiguration : spring.jpa.open-in-view is enabled by default. Therefore, database queries may be performed during view rendering. Explicitly configure spring.jpa.open-in-view to disable this warning
2025-01-03T11:14:56.763+01:00  INFO 13556 --- [people] [main] o.s.b.a.h2.H2ConsoleAutoConfiguration    : H2 console available at '/h2-console'. Database available at 'jdbc:h2:mem:people'
2025-01-03T11:14:56.805+01:00  INFO 13556 --- [people] [main] o.s.b.w.embedded.tomcat.TomcatWebServer  : Tomcat started on port 8080 (http) with context path '/'
2025-01-03T11:14:56.806+01:00  INFO 13556 --- [people] [main] it.lucadev.people.PeopleApplication      : Started PeopleApplication in 2.212 seconds (process running for 2.418)
2025-01-03T11:15:51.224+01:00  INFO 13556 --- [people] [http-nio-8080-exec-1] o.a.c.c.C.[Tomcat].[localhost].[/]       : Initializing Spring DispatcherServlet 'dispatcherServlet'
2025-01-03T11:15:51.224+01:00  INFO 13556 --- [people] [http-nio-8080-exec-1] o.s.web.servlet.DispatcherServlet        : Initializing Servlet 'dispatcherServlet'
2025-01-03T11:15:51.224+01:00  INFO 13556 --- [people] [http-nio-8080-exec-1] o.s.web.servlet.DispatcherServlet        : Completed initialization in 0 ms
2025-01-03T11:15:51.247+01:00  INFO 13556 --- [people] [http-nio-8080-exec-1] i.l.people.controller.PersonController   : getPeople called
2025-01-03T11:15:51.408+01:00  INFO 13556 --- [people] [http-nio-8080-exec-3] i.l.people.controller.PersonController   : getPeople called
2025-01-03T11:15:51.584+01:00  INFO 13556 --- [people] [http-nio-8080-exec-2] i.l.people.controller.PersonController   : getPeople called
2025-01-03T11:15:51.738+01:00  INFO 13556 --- [people] [http-nio-8080-exec-4] i.l.people.controller.PersonController   : getPeople called
2025-01-03T11:15:51.869+01:00  INFO 13556 --- [people] [http-nio-8080-exec-5] i.l.people.controller.PersonController   : getPeople called
2025-01-03T11:15:52.005+01:00  INFO 13556 --- [people] [http-nio-8080-exec-8] i.l.people.controller.PersonController   : getPeople called
2025-01-03T11:15:52.539+01:00  INFO 13556 --- [people] [http-nio-8080-exec-9] i.l.people.controller.PersonController   : getPerson called
2025-01-03T11:15:52.739+01:00  INFO 13556 --- [people] [http-nio-8080-exec-6] i.l.people.controller.PersonController   : getPerson called
2025-01-03T11:15:52.832+01:00  INFO 13556 --- [people] [http-nio-8080-exec-7] i.l.people.controller.PersonController   : getPerson called
2025-01-03T11:15:52.974+01:00  INFO 13556 --- [people] [http-nio-8080-exec-10] i.l.people.controller.PersonController   : getPerson called
2025-01-03T11:15:53.098+01:00  INFO 13556 --- [people] [http-nio-8080-exec-1] i.l.people.controller.PersonController   : getPerson called
2025-01-03T11:15:53.224+01:00  INFO 13556 --- [people] [http-nio-8080-exec-3] i.l.people.controller.PersonController   : getPerson called
2025-01-03T11:16:06.262+01:00  INFO 13556 --- [people] [SpringApplicationShutdownHook] o.s.b.w.e.tomcat.GracefulShutdown        : Commencing graceful shutdown. Waiting for active requests to complete
2025-01-03T11:16:06.266+01:00  INFO 13556 --- [people] [tomcat-shutdown] o.s.b.w.e.tomcat.GracefulShutdown        : Graceful shutdown complete
2025-01-03T11:16:06.266+01:00  INFO 13556 --- [people] [SpringApplicationShutdownHook] j.LocalContainerEntityManagerFactoryBean : Closing JPA EntityManagerFactory for persistence unit 'default'
2025-01-03T11:16:06.266+01:00  INFO 13556 --- [people] [SpringApplicationShutdownHook] com.zaxxer.hikari.HikariDataSource       : HikariPool-1 - Shutdown initiated...
2025-01-03T11:16:06.273+01:00  INFO 13556 --- [people] [SpringApplicationShutdownHook] com.zaxxer.hikari.HikariDataSource       : HikariPool-1 - Shutdown completed.
